<?xml version="1.0" encoding="utf-8" ?>
<!DOCTYPE html PUBLIC "-//W3C//DTD XHTML 1.0 Strict//EN"
        "http://www.w3.org/TR/xhtml1/DTD/xhtml1-strict.dtd">
<html xmlns="http://www.w3.org/1999/xhtml" xml:lang="" lang="">
<head>
  <title>Test Results Report - Regression test</title>
  <meta http-equiv="Content-Type" content="text/html;charset=utf-8" />
  <meta name="description" content="TestNG unit test results." />
  <link href="reportng.css" rel="stylesheet" type="text/css" />
    <script type="text/javascript" src="reportng.js"></script>
</head>
<body>
<h1>Regression test</h1>
<p>
  Test duration: 370.825s
</p>



  <table class="resultsTable">
    <tr><th colspan="3" class="header failed">Failed Tests</th></tr>
          <tr>
        <td colspan="3" class="group">com.orangehrmlive.demo.testsuite.UsersTest</td>
      </tr>
            
<tr>
  <td class="method">
                  searchTheUserAndVerifyTheMessageRecordFound
      </td>
  <td class="duration">
    68.027s
  </td>
  <td class="result">
        
          <i>Method arguments: </i><span class="arguments">"Nina.Patel", "ESS", "Nina Patel", "Enable"</span><br />
    
            <div class="testOutput">
                        enter user name :Admin
                                enter passwordadmin123
                                click on [[ChromeDriver: chrome on windows (5ba5932bd08fcac4ad2d5e985c4470fa)] -> xpath: //button[@type='submit']]
                                Get page title of : [[ChromeDriver: chrome on windows (5ba5932bd08fcac4ad2d5e985c4470fa)] -> xpath: //h5]
                                Enter user name : Nina.Patel
                                select user roll from drop down as ESS
                                Enter the Employee Name Nina Patel
                                select user status from drop down as Enable
                                Click on search button [[ChromeDriver: chrome on windows (5ba5932bd08fcac4ad2d5e985c4470fa)] -> xpath: //button[normalize-space()='Search']]
                                Get the records found. Proxy element for: DefaultElementLocator 'By.xpath: //span[normalize-space()='(1) Record Found']'
                                Click to see screenshot
                                <a target = "_blank" href=C:\Users\Home\IdeaProjects\orange-hrm-5-vishnu/test-output/html/searchTheUserAndVerifyTheMessageRecordFoundMon_Dec_09_20_54_50_GMT_2024.jpg>Screenshot</a>
                                <br>
                                <br>
                                <a target = "_blank" href=C:\Users\Home\IdeaProjects\orange-hrm-5-vishnu/test-output/html/searchTheUserAndVerifyTheMessageRecordFoundMon_Dec_09_20_54_50_GMT_2024.jpg><img src=C:\Users\Home\IdeaProjects\orange-hrm-5-vishnu/test-output/html/searchTheUserAndVerifyTheMessageRecordFoundMon_Dec_09_20_54_50_GMT_2024.jpg height=200 width=200></img></a>
                  </div>
    

        <a href="javascript:toggleElement('exception-0', 'block')" title="Click to expand/collapse"><b>org.openqa.selenium.NoSuchElementException: no such element: Unable to locate element: {&quot;method&quot;:&quot;xpath&quot;,&quot;selector&quot;:&quot;//span[normalize-space()=&apos;(1) Record Found&apos;]&quot;}<br/>
&nbsp; (Session info: chrome=131.0.6778.86)<br/>
For documentation on this error, please visit: https://www.selenium.dev/documentation/webdriver/troubleshooting/errors#no-such-element-exception<br/>
Build info: version: &apos;4.26.0&apos;, revision: &apos;8ccf0219d7&apos;<br/>
System info: os.name: &apos;Windows 11&apos;, os.arch: &apos;amd64&apos;, os.version: &apos;10.0&apos;, java.version: &apos;23&apos;<br/>
Driver info: org.openqa.selenium.chrome.ChromeDriver<br/>
Command: [5ba5932bd08fcac4ad2d5e985c4470fa, findElement {using=xpath, value=//span[normalize-space()=&apos;(1) Record Found&apos;]}]<br/>
Capabilities {acceptInsecureCerts: false, browserName: chrome, browserVersion: 131.0.6778.86, chrome: {chromedriverVersion: 131.0.6778.87 (ce31cae94873..., userDataDir: C:\Users\Home\AppData\Local...}, fedcm:accounts: true, goog:chromeOptions: {debuggerAddress: localhost:61606}, networkConnectionEnabled: false, pageLoadStrategy: normal, platformName: windows, proxy: Proxy(), se:cdp: ws://localhost:61606/devtoo..., se:cdpVersion: 131.0.6778.86, setWindowRect: true, strictFileInteractability: false, timeouts: {implicit: 0, pageLoad: 300000, script: 30000}, unhandledPromptBehavior: dismiss and notify, webauthn:extension:credBlob: true, webauthn:extension:largeBlob: true, webauthn:extension:minPinLength: true, webauthn:extension:prf: true, webauthn:virtualAuthenticators: true}<br/>
Session ID: 5ba5932bd08fcac4ad2d5e985c4470fa</b></a><br />
    <div class="stackTrace" id="exception-0">
              java.base/jdk.internal.reflect.DirectConstructorHandleAccessor.newInstance(DirectConstructorHandleAccessor.java:62)<br />
              java.base/java.lang.reflect.Constructor.newInstanceWithCaller(Constructor.java:501)<br />
              java.base/java.lang.reflect.Constructor.newInstance(Constructor.java:485)<br />
              org.openqa.selenium.remote.ErrorCodec.decode(ErrorCodec.java:167)<br />
              org.openqa.selenium.remote.codec.w3c.W3CHttpResponseCodec.decode(W3CHttpResponseCodec.java:138)<br />
              org.openqa.selenium.remote.codec.w3c.W3CHttpResponseCodec.decode(W3CHttpResponseCodec.java:50)<br />
              org.openqa.selenium.remote.HttpCommandExecutor.execute(HttpCommandExecutor.java:190)<br />
              org.openqa.selenium.remote.service.DriverCommandExecutor.invokeExecute(DriverCommandExecutor.java:216)<br />
              org.openqa.selenium.remote.service.DriverCommandExecutor.execute(DriverCommandExecutor.java:174)<br />
              org.openqa.selenium.remote.RemoteWebDriver.execute(RemoteWebDriver.java:545)<br />
              org.openqa.selenium.remote.ElementLocation$ElementFinder$2.findElement(ElementLocation.java:165)<br />
              org.openqa.selenium.remote.ElementLocation.findElement(ElementLocation.java:59)<br />
              org.openqa.selenium.remote.RemoteWebDriver.findElement(RemoteWebDriver.java:368)<br />
              org.openqa.selenium.remote.RemoteWebDriver.findElement(RemoteWebDriver.java:362)<br />
              org.openqa.selenium.support.pagefactory.DefaultElementLocator.findElement(DefaultElementLocator.java:68)<br />
              org.openqa.selenium.support.pagefactory.internal.LocatingElementHandler.invoke(LocatingElementHandler.java:38)<br />
              jdk.proxy2/jdk.proxy2.$Proxy18.getText(Unknown Source)<br />
              com.orangehrmlive.demo.utility.Utility.getTextFromElement(Utility.java:64)<br />
              com.orangehrmlive.demo.pages.AdminPage.getRecordsFound(AdminPage.java:162)<br />
              com.orangehrmlive.demo.testsuite.UsersTest.searchTheUserAndVerifyTheMessageRecordFound(UsersTest.java:110)<br />
              java.base/jdk.internal.reflect.DirectMethodHandleAccessor.invoke(DirectMethodHandleAccessor.java:103)<br />
              java.base/java.lang.reflect.Method.invoke(Method.java:580)<br />
              org.testng.internal.invokers.MethodInvocationHelper.invokeMethod(MethodInvocationHelper.java:141)<br />
              org.testng.internal.invokers.TestInvoker.invokeMethod(TestInvoker.java:686)<br />
              org.testng.internal.invokers.TestInvoker.invokeTestMethod(TestInvoker.java:230)<br />
              org.testng.internal.invokers.MethodRunner.runInSequence(MethodRunner.java:63)<br />
              org.testng.internal.invokers.TestInvoker$MethodInvocationAgent.invoke(TestInvoker.java:992)<br />
              org.testng.internal.invokers.TestInvoker.invokeTestMethods(TestInvoker.java:203)<br />
              org.testng.internal.invokers.TestMethodWorker.invokeTestMethods(TestMethodWorker.java:154)<br />
              org.testng.internal.invokers.TestMethodWorker.run(TestMethodWorker.java:134)<br />
              java.base/java.util.ArrayList.forEach(ArrayList.java:1597)<br />
              org.testng.TestRunner.privateRun(TestRunner.java:739)<br />
              org.testng.TestRunner.run(TestRunner.java:614)<br />
              org.testng.SuiteRunner.runTest(SuiteRunner.java:421)<br />
              org.testng.SuiteRunner.runSequentially(SuiteRunner.java:413)<br />
              org.testng.SuiteRunner.privateRun(SuiteRunner.java:373)<br />
              org.testng.SuiteRunner.run(SuiteRunner.java:312)<br />
              org.testng.SuiteRunnerWorker.runSuite(SuiteRunnerWorker.java:52)<br />
              org.testng.SuiteRunnerWorker.run(SuiteRunnerWorker.java:95)<br />
              org.testng.TestNG.runSuitesSequentially(TestNG.java:1274)<br />
              org.testng.TestNG.runSuitesLocally(TestNG.java:1208)<br />
              org.testng.TestNG.runSuites(TestNG.java:1112)<br />
              org.testng.TestNG.run(TestNG.java:1079)<br />
              com.intellij.rt.testng.IDEARemoteTestNG.run(IDEARemoteTestNG.java:65)<br />
              com.intellij.rt.testng.RemoteTestNGStarter.main(RemoteTestNGStarter.java:105)<br />
                </div>
      </td>
</tr>
<tr>
  <td class="method">
                  searchTheUserAndVerifyTheMessageRecordFound
      </td>
  <td class="duration">
    68.218s
  </td>
  <td class="result">
        
          <i>Method arguments: </i><span class="arguments">"Odis.Adalwin", "Admin", "Odis Adalwin", "Enable"</span><br />
    
            <div class="testOutput">
                        enter user name :Admin
                                enter passwordadmin123
                                click on [[ChromeDriver: chrome on windows (f625dc61ef5956d3a0ceaa725046ceea)] -> xpath: //button[@type='submit']]
                                Get page title of : [[ChromeDriver: chrome on windows (f625dc61ef5956d3a0ceaa725046ceea)] -> xpath: //h5]
                                Enter user name : Odis.Adalwin
                                select user roll from drop down as Admin
                                Enter the Employee Name Odis Adalwin
                                select user status from drop down as Enable
                                Click on search button [[ChromeDriver: chrome on windows (f625dc61ef5956d3a0ceaa725046ceea)] -> xpath: //button[normalize-space()='Search']]
                                Get the records found. Proxy element for: DefaultElementLocator 'By.xpath: //span[normalize-space()='(1) Record Found']'
                                Click to see screenshot
                                <a target = "_blank" href=C:\Users\Home\IdeaProjects\orange-hrm-5-vishnu/test-output/html/searchTheUserAndVerifyTheMessageRecordFoundMon_Dec_09_20_56_03_GMT_2024.jpg>Screenshot</a>
                                <br>
                                <br>
                                <a target = "_blank" href=C:\Users\Home\IdeaProjects\orange-hrm-5-vishnu/test-output/html/searchTheUserAndVerifyTheMessageRecordFoundMon_Dec_09_20_56_03_GMT_2024.jpg><img src=C:\Users\Home\IdeaProjects\orange-hrm-5-vishnu/test-output/html/searchTheUserAndVerifyTheMessageRecordFoundMon_Dec_09_20_56_03_GMT_2024.jpg height=200 width=200></img></a>
                  </div>
    

        <a href="javascript:toggleElement('exception-1', 'block')" title="Click to expand/collapse"><b>org.openqa.selenium.NoSuchElementException: no such element: Unable to locate element: {&quot;method&quot;:&quot;xpath&quot;,&quot;selector&quot;:&quot;//span[normalize-space()=&apos;(1) Record Found&apos;]&quot;}<br/>
&nbsp; (Session info: chrome=131.0.6778.86)<br/>
For documentation on this error, please visit: https://www.selenium.dev/documentation/webdriver/troubleshooting/errors#no-such-element-exception<br/>
Build info: version: &apos;4.26.0&apos;, revision: &apos;8ccf0219d7&apos;<br/>
System info: os.name: &apos;Windows 11&apos;, os.arch: &apos;amd64&apos;, os.version: &apos;10.0&apos;, java.version: &apos;23&apos;<br/>
Driver info: org.openqa.selenium.chrome.ChromeDriver<br/>
Command: [f625dc61ef5956d3a0ceaa725046ceea, findElement {using=xpath, value=//span[normalize-space()=&apos;(1) Record Found&apos;]}]<br/>
Capabilities {acceptInsecureCerts: false, browserName: chrome, browserVersion: 131.0.6778.86, chrome: {chromedriverVersion: 131.0.6778.87 (ce31cae94873..., userDataDir: C:\Users\Home\AppData\Local...}, fedcm:accounts: true, goog:chromeOptions: {debuggerAddress: localhost:61775}, networkConnectionEnabled: false, pageLoadStrategy: normal, platformName: windows, proxy: Proxy(), se:cdp: ws://localhost:61775/devtoo..., se:cdpVersion: 131.0.6778.86, setWindowRect: true, strictFileInteractability: false, timeouts: {implicit: 0, pageLoad: 300000, script: 30000}, unhandledPromptBehavior: dismiss and notify, webauthn:extension:credBlob: true, webauthn:extension:largeBlob: true, webauthn:extension:minPinLength: true, webauthn:extension:prf: true, webauthn:virtualAuthenticators: true}<br/>
Session ID: f625dc61ef5956d3a0ceaa725046ceea</b></a><br />
    <div class="stackTrace" id="exception-1">
              java.base/jdk.internal.reflect.DirectConstructorHandleAccessor.newInstance(DirectConstructorHandleAccessor.java:62)<br />
              java.base/java.lang.reflect.Constructor.newInstanceWithCaller(Constructor.java:501)<br />
              java.base/java.lang.reflect.Constructor.newInstance(Constructor.java:485)<br />
              org.openqa.selenium.remote.ErrorCodec.decode(ErrorCodec.java:167)<br />
              org.openqa.selenium.remote.codec.w3c.W3CHttpResponseCodec.decode(W3CHttpResponseCodec.java:138)<br />
              org.openqa.selenium.remote.codec.w3c.W3CHttpResponseCodec.decode(W3CHttpResponseCodec.java:50)<br />
              org.openqa.selenium.remote.HttpCommandExecutor.execute(HttpCommandExecutor.java:190)<br />
              org.openqa.selenium.remote.service.DriverCommandExecutor.invokeExecute(DriverCommandExecutor.java:216)<br />
              org.openqa.selenium.remote.service.DriverCommandExecutor.execute(DriverCommandExecutor.java:174)<br />
              org.openqa.selenium.remote.RemoteWebDriver.execute(RemoteWebDriver.java:545)<br />
              org.openqa.selenium.remote.ElementLocation$ElementFinder$2.findElement(ElementLocation.java:165)<br />
              org.openqa.selenium.remote.ElementLocation.findElement(ElementLocation.java:59)<br />
              org.openqa.selenium.remote.RemoteWebDriver.findElement(RemoteWebDriver.java:368)<br />
              org.openqa.selenium.remote.RemoteWebDriver.findElement(RemoteWebDriver.java:362)<br />
              org.openqa.selenium.support.pagefactory.DefaultElementLocator.findElement(DefaultElementLocator.java:68)<br />
              org.openqa.selenium.support.pagefactory.internal.LocatingElementHandler.invoke(LocatingElementHandler.java:38)<br />
              jdk.proxy2/jdk.proxy2.$Proxy18.getText(Unknown Source)<br />
              com.orangehrmlive.demo.utility.Utility.getTextFromElement(Utility.java:64)<br />
              com.orangehrmlive.demo.pages.AdminPage.getRecordsFound(AdminPage.java:162)<br />
              com.orangehrmlive.demo.testsuite.UsersTest.searchTheUserAndVerifyTheMessageRecordFound(UsersTest.java:110)<br />
              java.base/jdk.internal.reflect.DirectMethodHandleAccessor.invoke(DirectMethodHandleAccessor.java:103)<br />
              java.base/java.lang.reflect.Method.invoke(Method.java:580)<br />
              org.testng.internal.invokers.MethodInvocationHelper.invokeMethod(MethodInvocationHelper.java:141)<br />
              org.testng.internal.invokers.TestInvoker.invokeMethod(TestInvoker.java:686)<br />
              org.testng.internal.invokers.TestInvoker.invokeTestMethod(TestInvoker.java:230)<br />
              org.testng.internal.invokers.MethodRunner.runInSequence(MethodRunner.java:63)<br />
              org.testng.internal.invokers.TestInvoker$MethodInvocationAgent.invoke(TestInvoker.java:992)<br />
              org.testng.internal.invokers.TestInvoker.invokeTestMethods(TestInvoker.java:203)<br />
              org.testng.internal.invokers.TestMethodWorker.invokeTestMethods(TestMethodWorker.java:154)<br />
              org.testng.internal.invokers.TestMethodWorker.run(TestMethodWorker.java:134)<br />
              java.base/java.util.ArrayList.forEach(ArrayList.java:1597)<br />
              org.testng.TestRunner.privateRun(TestRunner.java:739)<br />
              org.testng.TestRunner.run(TestRunner.java:614)<br />
              org.testng.SuiteRunner.runTest(SuiteRunner.java:421)<br />
              org.testng.SuiteRunner.runSequentially(SuiteRunner.java:413)<br />
              org.testng.SuiteRunner.privateRun(SuiteRunner.java:373)<br />
              org.testng.SuiteRunner.run(SuiteRunner.java:312)<br />
              org.testng.SuiteRunnerWorker.runSuite(SuiteRunnerWorker.java:52)<br />
              org.testng.SuiteRunnerWorker.run(SuiteRunnerWorker.java:95)<br />
              org.testng.TestNG.runSuitesSequentially(TestNG.java:1274)<br />
              org.testng.TestNG.runSuitesLocally(TestNG.java:1208)<br />
              org.testng.TestNG.runSuites(TestNG.java:1112)<br />
              org.testng.TestNG.run(TestNG.java:1079)<br />
              com.intellij.rt.testng.IDEARemoteTestNG.run(IDEARemoteTestNG.java:65)<br />
              com.intellij.rt.testng.RemoteTestNGStarter.main(RemoteTestNGStarter.java:105)<br />
                </div>
      </td>
</tr>
<tr>
  <td class="method">
                  searchTheUserAndVerifyTheMessageRecordFound
      </td>
  <td class="duration">
    68.227s
  </td>
  <td class="result">
        
          <i>Method arguments: </i><span class="arguments">"Admin1", "Admin", "Paul Collings", "Enable"</span><br />
    
            <div class="testOutput">
                        enter user name :Admin
                                enter passwordadmin123
                                click on [[ChromeDriver: chrome on windows (2bf7e25359848378cb0eacc68b327487)] -> xpath: //button[@type='submit']]
                                Get page title of : [[ChromeDriver: chrome on windows (2bf7e25359848378cb0eacc68b327487)] -> xpath: //h5]
                                Enter user name : Admin1
                                select user roll from drop down as Admin
                                Enter the Employee Name Paul Collings
                                select user status from drop down as Enable
                                Click on search button [[ChromeDriver: chrome on windows (2bf7e25359848378cb0eacc68b327487)] -> xpath: //button[normalize-space()='Search']]
                                Get the records found. Proxy element for: DefaultElementLocator 'By.xpath: //span[normalize-space()='(1) Record Found']'
                                Click to see screenshot
                                <a target = "_blank" href=C:\Users\Home\IdeaProjects\orange-hrm-5-vishnu/test-output/html/searchTheUserAndVerifyTheMessageRecordFoundMon_Dec_09_20_52_22_GMT_2024.jpg>Screenshot</a>
                                <br>
                                <br>
                                <a target = "_blank" href=C:\Users\Home\IdeaProjects\orange-hrm-5-vishnu/test-output/html/searchTheUserAndVerifyTheMessageRecordFoundMon_Dec_09_20_52_22_GMT_2024.jpg><img src=C:\Users\Home\IdeaProjects\orange-hrm-5-vishnu/test-output/html/searchTheUserAndVerifyTheMessageRecordFoundMon_Dec_09_20_52_22_GMT_2024.jpg height=200 width=200></img></a>
                  </div>
    

        <a href="javascript:toggleElement('exception-2', 'block')" title="Click to expand/collapse"><b>org.openqa.selenium.NoSuchElementException: no such element: Unable to locate element: {&quot;method&quot;:&quot;xpath&quot;,&quot;selector&quot;:&quot;//span[normalize-space()=&apos;(1) Record Found&apos;]&quot;}<br/>
&nbsp; (Session info: chrome=131.0.6778.86)<br/>
For documentation on this error, please visit: https://www.selenium.dev/documentation/webdriver/troubleshooting/errors#no-such-element-exception<br/>
Build info: version: &apos;4.26.0&apos;, revision: &apos;8ccf0219d7&apos;<br/>
System info: os.name: &apos;Windows 11&apos;, os.arch: &apos;amd64&apos;, os.version: &apos;10.0&apos;, java.version: &apos;23&apos;<br/>
Driver info: org.openqa.selenium.chrome.ChromeDriver<br/>
Command: [2bf7e25359848378cb0eacc68b327487, findElement {using=xpath, value=//span[normalize-space()=&apos;(1) Record Found&apos;]}]<br/>
Capabilities {acceptInsecureCerts: false, browserName: chrome, browserVersion: 131.0.6778.86, chrome: {chromedriverVersion: 131.0.6778.87 (ce31cae94873..., userDataDir: C:\Users\Home\AppData\Local...}, fedcm:accounts: true, goog:chromeOptions: {debuggerAddress: localhost:61266}, networkConnectionEnabled: false, pageLoadStrategy: normal, platformName: windows, proxy: Proxy(), se:cdp: ws://localhost:61266/devtoo..., se:cdpVersion: 131.0.6778.86, setWindowRect: true, strictFileInteractability: false, timeouts: {implicit: 0, pageLoad: 300000, script: 30000}, unhandledPromptBehavior: dismiss and notify, webauthn:extension:credBlob: true, webauthn:extension:largeBlob: true, webauthn:extension:minPinLength: true, webauthn:extension:prf: true, webauthn:virtualAuthenticators: true}<br/>
Session ID: 2bf7e25359848378cb0eacc68b327487</b></a><br />
    <div class="stackTrace" id="exception-2">
              java.base/jdk.internal.reflect.DirectConstructorHandleAccessor.newInstance(DirectConstructorHandleAccessor.java:62)<br />
              java.base/java.lang.reflect.Constructor.newInstanceWithCaller(Constructor.java:501)<br />
              java.base/java.lang.reflect.Constructor.newInstance(Constructor.java:485)<br />
              org.openqa.selenium.remote.ErrorCodec.decode(ErrorCodec.java:167)<br />
              org.openqa.selenium.remote.codec.w3c.W3CHttpResponseCodec.decode(W3CHttpResponseCodec.java:138)<br />
              org.openqa.selenium.remote.codec.w3c.W3CHttpResponseCodec.decode(W3CHttpResponseCodec.java:50)<br />
              org.openqa.selenium.remote.HttpCommandExecutor.execute(HttpCommandExecutor.java:190)<br />
              org.openqa.selenium.remote.service.DriverCommandExecutor.invokeExecute(DriverCommandExecutor.java:216)<br />
              org.openqa.selenium.remote.service.DriverCommandExecutor.execute(DriverCommandExecutor.java:174)<br />
              org.openqa.selenium.remote.RemoteWebDriver.execute(RemoteWebDriver.java:545)<br />
              org.openqa.selenium.remote.ElementLocation$ElementFinder$2.findElement(ElementLocation.java:165)<br />
              org.openqa.selenium.remote.ElementLocation.findElement(ElementLocation.java:59)<br />
              org.openqa.selenium.remote.RemoteWebDriver.findElement(RemoteWebDriver.java:368)<br />
              org.openqa.selenium.remote.RemoteWebDriver.findElement(RemoteWebDriver.java:362)<br />
              org.openqa.selenium.support.pagefactory.DefaultElementLocator.findElement(DefaultElementLocator.java:68)<br />
              org.openqa.selenium.support.pagefactory.internal.LocatingElementHandler.invoke(LocatingElementHandler.java:38)<br />
              jdk.proxy2/jdk.proxy2.$Proxy18.getText(Unknown Source)<br />
              com.orangehrmlive.demo.utility.Utility.getTextFromElement(Utility.java:64)<br />
              com.orangehrmlive.demo.pages.AdminPage.getRecordsFound(AdminPage.java:162)<br />
              com.orangehrmlive.demo.testsuite.UsersTest.searchTheUserAndVerifyTheMessageRecordFound(UsersTest.java:110)<br />
              java.base/jdk.internal.reflect.DirectMethodHandleAccessor.invoke(DirectMethodHandleAccessor.java:103)<br />
              java.base/java.lang.reflect.Method.invoke(Method.java:580)<br />
              org.testng.internal.invokers.MethodInvocationHelper.invokeMethod(MethodInvocationHelper.java:141)<br />
              org.testng.internal.invokers.TestInvoker.invokeMethod(TestInvoker.java:686)<br />
              org.testng.internal.invokers.TestInvoker.invokeTestMethod(TestInvoker.java:230)<br />
              org.testng.internal.invokers.MethodRunner.runInSequence(MethodRunner.java:63)<br />
              org.testng.internal.invokers.TestInvoker$MethodInvocationAgent.invoke(TestInvoker.java:992)<br />
              org.testng.internal.invokers.TestInvoker.invokeTestMethods(TestInvoker.java:203)<br />
              org.testng.internal.invokers.TestMethodWorker.invokeTestMethods(TestMethodWorker.java:154)<br />
              org.testng.internal.invokers.TestMethodWorker.run(TestMethodWorker.java:134)<br />
              java.base/java.util.ArrayList.forEach(ArrayList.java:1597)<br />
              org.testng.TestRunner.privateRun(TestRunner.java:739)<br />
              org.testng.TestRunner.run(TestRunner.java:614)<br />
              org.testng.SuiteRunner.runTest(SuiteRunner.java:421)<br />
              org.testng.SuiteRunner.runSequentially(SuiteRunner.java:413)<br />
              org.testng.SuiteRunner.privateRun(SuiteRunner.java:373)<br />
              org.testng.SuiteRunner.run(SuiteRunner.java:312)<br />
              org.testng.SuiteRunnerWorker.runSuite(SuiteRunnerWorker.java:52)<br />
              org.testng.SuiteRunnerWorker.run(SuiteRunnerWorker.java:95)<br />
              org.testng.TestNG.runSuitesSequentially(TestNG.java:1274)<br />
              org.testng.TestNG.runSuitesLocally(TestNG.java:1208)<br />
              org.testng.TestNG.runSuites(TestNG.java:1112)<br />
              org.testng.TestNG.run(TestNG.java:1079)<br />
              com.intellij.rt.testng.IDEARemoteTestNG.run(IDEARemoteTestNG.java:65)<br />
              com.intellij.rt.testng.RemoteTestNGStarter.main(RemoteTestNGStarter.java:105)<br />
                </div>
      </td>
</tr>
<tr>
  <td class="method">
                  searchTheUserAndVerifyTheMessageRecordFound
      </td>
  <td class="duration">
    68.245s
  </td>
  <td class="result">
        
          <i>Method arguments: </i><span class="arguments">"Cassidy.Hope", "ESS", "Cassidy Hope", "Enable"</span><br />
    
            <div class="testOutput">
                        enter user name :Admin
                                enter passwordadmin123
                                click on [[ChromeDriver: chrome on windows (f564612acfd0bb5854d82c08bde43c59)] -> xpath: //button[@type='submit']]
                                Get page title of : [[ChromeDriver: chrome on windows (f564612acfd0bb5854d82c08bde43c59)] -> xpath: //h5]
                                Enter user name : Cassidy.Hope
                                select user roll from drop down as ESS
                                Enter the Employee Name Cassidy Hope
                                select user status from drop down as Enable
                                Click on search button [[ChromeDriver: chrome on windows (f564612acfd0bb5854d82c08bde43c59)] -> xpath: //button[normalize-space()='Search']]
                                Get the records found. Proxy element for: DefaultElementLocator 'By.xpath: //span[normalize-space()='(1) Record Found']'
                                Click to see screenshot
                                <a target = "_blank" href=C:\Users\Home\IdeaProjects\orange-hrm-5-vishnu/test-output/html/searchTheUserAndVerifyTheMessageRecordFoundMon_Dec_09_20_53_36_GMT_2024.jpg>Screenshot</a>
                                <br>
                                <br>
                                <a target = "_blank" href=C:\Users\Home\IdeaProjects\orange-hrm-5-vishnu/test-output/html/searchTheUserAndVerifyTheMessageRecordFoundMon_Dec_09_20_53_36_GMT_2024.jpg><img src=C:\Users\Home\IdeaProjects\orange-hrm-5-vishnu/test-output/html/searchTheUserAndVerifyTheMessageRecordFoundMon_Dec_09_20_53_36_GMT_2024.jpg height=200 width=200></img></a>
                  </div>
    

        <a href="javascript:toggleElement('exception-3', 'block')" title="Click to expand/collapse"><b>org.openqa.selenium.NoSuchElementException: no such element: Unable to locate element: {&quot;method&quot;:&quot;xpath&quot;,&quot;selector&quot;:&quot;//span[normalize-space()=&apos;(1) Record Found&apos;]&quot;}<br/>
&nbsp; (Session info: chrome=131.0.6778.86)<br/>
For documentation on this error, please visit: https://www.selenium.dev/documentation/webdriver/troubleshooting/errors#no-such-element-exception<br/>
Build info: version: &apos;4.26.0&apos;, revision: &apos;8ccf0219d7&apos;<br/>
System info: os.name: &apos;Windows 11&apos;, os.arch: &apos;amd64&apos;, os.version: &apos;10.0&apos;, java.version: &apos;23&apos;<br/>
Driver info: org.openqa.selenium.chrome.ChromeDriver<br/>
Command: [f564612acfd0bb5854d82c08bde43c59, findElement {using=xpath, value=//span[normalize-space()=&apos;(1) Record Found&apos;]}]<br/>
Capabilities {acceptInsecureCerts: false, browserName: chrome, browserVersion: 131.0.6778.86, chrome: {chromedriverVersion: 131.0.6778.87 (ce31cae94873..., userDataDir: C:\Users\Home\AppData\Local...}, fedcm:accounts: true, goog:chromeOptions: {debuggerAddress: localhost:61393}, networkConnectionEnabled: false, pageLoadStrategy: normal, platformName: windows, proxy: Proxy(), se:cdp: ws://localhost:61393/devtoo..., se:cdpVersion: 131.0.6778.86, setWindowRect: true, strictFileInteractability: false, timeouts: {implicit: 0, pageLoad: 300000, script: 30000}, unhandledPromptBehavior: dismiss and notify, webauthn:extension:credBlob: true, webauthn:extension:largeBlob: true, webauthn:extension:minPinLength: true, webauthn:extension:prf: true, webauthn:virtualAuthenticators: true}<br/>
Session ID: f564612acfd0bb5854d82c08bde43c59</b></a><br />
    <div class="stackTrace" id="exception-3">
              java.base/jdk.internal.reflect.DirectConstructorHandleAccessor.newInstance(DirectConstructorHandleAccessor.java:62)<br />
              java.base/java.lang.reflect.Constructor.newInstanceWithCaller(Constructor.java:501)<br />
              java.base/java.lang.reflect.Constructor.newInstance(Constructor.java:485)<br />
              org.openqa.selenium.remote.ErrorCodec.decode(ErrorCodec.java:167)<br />
              org.openqa.selenium.remote.codec.w3c.W3CHttpResponseCodec.decode(W3CHttpResponseCodec.java:138)<br />
              org.openqa.selenium.remote.codec.w3c.W3CHttpResponseCodec.decode(W3CHttpResponseCodec.java:50)<br />
              org.openqa.selenium.remote.HttpCommandExecutor.execute(HttpCommandExecutor.java:190)<br />
              org.openqa.selenium.remote.service.DriverCommandExecutor.invokeExecute(DriverCommandExecutor.java:216)<br />
              org.openqa.selenium.remote.service.DriverCommandExecutor.execute(DriverCommandExecutor.java:174)<br />
              org.openqa.selenium.remote.RemoteWebDriver.execute(RemoteWebDriver.java:545)<br />
              org.openqa.selenium.remote.ElementLocation$ElementFinder$2.findElement(ElementLocation.java:165)<br />
              org.openqa.selenium.remote.ElementLocation.findElement(ElementLocation.java:59)<br />
              org.openqa.selenium.remote.RemoteWebDriver.findElement(RemoteWebDriver.java:368)<br />
              org.openqa.selenium.remote.RemoteWebDriver.findElement(RemoteWebDriver.java:362)<br />
              org.openqa.selenium.support.pagefactory.DefaultElementLocator.findElement(DefaultElementLocator.java:68)<br />
              org.openqa.selenium.support.pagefactory.internal.LocatingElementHandler.invoke(LocatingElementHandler.java:38)<br />
              jdk.proxy2/jdk.proxy2.$Proxy18.getText(Unknown Source)<br />
              com.orangehrmlive.demo.utility.Utility.getTextFromElement(Utility.java:64)<br />
              com.orangehrmlive.demo.pages.AdminPage.getRecordsFound(AdminPage.java:162)<br />
              com.orangehrmlive.demo.testsuite.UsersTest.searchTheUserAndVerifyTheMessageRecordFound(UsersTest.java:110)<br />
              java.base/jdk.internal.reflect.DirectMethodHandleAccessor.invoke(DirectMethodHandleAccessor.java:103)<br />
              java.base/java.lang.reflect.Method.invoke(Method.java:580)<br />
              org.testng.internal.invokers.MethodInvocationHelper.invokeMethod(MethodInvocationHelper.java:141)<br />
              org.testng.internal.invokers.TestInvoker.invokeMethod(TestInvoker.java:686)<br />
              org.testng.internal.invokers.TestInvoker.invokeTestMethod(TestInvoker.java:230)<br />
              org.testng.internal.invokers.MethodRunner.runInSequence(MethodRunner.java:63)<br />
              org.testng.internal.invokers.TestInvoker$MethodInvocationAgent.invoke(TestInvoker.java:992)<br />
              org.testng.internal.invokers.TestInvoker.invokeTestMethods(TestInvoker.java:203)<br />
              org.testng.internal.invokers.TestMethodWorker.invokeTestMethods(TestMethodWorker.java:154)<br />
              org.testng.internal.invokers.TestMethodWorker.run(TestMethodWorker.java:134)<br />
              java.base/java.util.ArrayList.forEach(ArrayList.java:1597)<br />
              org.testng.TestRunner.privateRun(TestRunner.java:739)<br />
              org.testng.TestRunner.run(TestRunner.java:614)<br />
              org.testng.SuiteRunner.runTest(SuiteRunner.java:421)<br />
              org.testng.SuiteRunner.runSequentially(SuiteRunner.java:413)<br />
              org.testng.SuiteRunner.privateRun(SuiteRunner.java:373)<br />
              org.testng.SuiteRunner.run(SuiteRunner.java:312)<br />
              org.testng.SuiteRunnerWorker.runSuite(SuiteRunnerWorker.java:52)<br />
              org.testng.SuiteRunnerWorker.run(SuiteRunnerWorker.java:95)<br />
              org.testng.TestNG.runSuitesSequentially(TestNG.java:1274)<br />
              org.testng.TestNG.runSuitesLocally(TestNG.java:1208)<br />
              org.testng.TestNG.runSuites(TestNG.java:1112)<br />
              org.testng.TestNG.run(TestNG.java:1079)<br />
              com.intellij.rt.testng.IDEARemoteTestNG.run(IDEARemoteTestNG.java:65)<br />
              com.intellij.rt.testng.RemoteTestNGStarter.main(RemoteTestNGStarter.java:105)<br />
                </div>
      </td>
</tr>
<tr>
  <td class="method">
                  verifyThatAdminShouldDeleteTheUserSuccessFully
      </td>
  <td class="duration">
    42.994s
  </td>
  <td class="result">
        
    
            <div class="testOutput">
                        enter user name :Admin
                                enter passwordadmin123
                                click on [[ChromeDriver: chrome on windows (c1f6dd78e050d1b7943425efac316aa8)] -> xpath: //button[@type='submit']]
                                Get page title of : [[ChromeDriver: chrome on windows (c1f6dd78e050d1b7943425efac316aa8)] -> xpath: //h5]
                                Enter user name : prime test
                                select user roll from drop down as Admin
                                select user status from drop down as Disable
                                Click on search button [[ChromeDriver: chrome on windows (c1f6dd78e050d1b7943425efac316aa8)] -> xpath: //button[normalize-space()='Search']]
                                get user name from search result Proxy element for: DefaultElementLocator 'By.xpath: //div[@role='columnheader'or normalize-space()='Username'][2]/ancestor::div[@role='rowgroup']/following-sibling::div[@class='oxd-table-body']//div[@class='oxd-table-cell oxd-padding-cell'][2]'
                                Click to see screenshot
                                <a target = "_blank" href=C:\Users\Home\IdeaProjects\orange-hrm-5-vishnu/test-output/html/verifyThatAdminShouldDeleteTheUserSuccessFullyMon_Dec_09_20_56_51_GMT_2024.jpg>Screenshot</a>
                                <br>
                                <br>
                                <a target = "_blank" href=C:\Users\Home\IdeaProjects\orange-hrm-5-vishnu/test-output/html/verifyThatAdminShouldDeleteTheUserSuccessFullyMon_Dec_09_20_56_51_GMT_2024.jpg><img src=C:\Users\Home\IdeaProjects\orange-hrm-5-vishnu/test-output/html/verifyThatAdminShouldDeleteTheUserSuccessFullyMon_Dec_09_20_56_51_GMT_2024.jpg height=200 width=200></img></a>
                  </div>
    

        <a href="javascript:toggleElement('exception-4', 'block')" title="Click to expand/collapse"><b>org.openqa.selenium.NoSuchElementException: no such element: Unable to locate element: {&quot;method&quot;:&quot;xpath&quot;,&quot;selector&quot;:&quot;//div[@role=&apos;columnheader&apos;or normalize-space()=&apos;Username&apos;][2]/ancestor::div[@role=&apos;rowgroup&apos;]/following-sibling::div[@class=&apos;oxd-table-body&apos;]//div[@class=&apos;oxd-table-cell oxd-padding-cell&apos;][2]&quot;}<br/>
&nbsp; (Session info: chrome=131.0.6778.86)<br/>
For documentation on this error, please visit: https://www.selenium.dev/documentation/webdriver/troubleshooting/errors#no-such-element-exception<br/>
Build info: version: &apos;4.26.0&apos;, revision: &apos;8ccf0219d7&apos;<br/>
System info: os.name: &apos;Windows 11&apos;, os.arch: &apos;amd64&apos;, os.version: &apos;10.0&apos;, java.version: &apos;23&apos;<br/>
Driver info: org.openqa.selenium.chrome.ChromeDriver<br/>
Command: [c1f6dd78e050d1b7943425efac316aa8, findElement {using=xpath, value=//div[@role=&apos;columnheader&apos;or normalize-space()=&apos;Username&apos;][2]/ancestor::div[@role=&apos;rowgroup&apos;]/following-sibling::div[@class=&apos;oxd-table-body&apos;]//div[@class=&apos;oxd-table-cell oxd-padding-cell&apos;][2]}]<br/>
Capabilities {acceptInsecureCerts: false, browserName: chrome, browserVersion: 131.0.6778.86, chrome: {chromedriverVersion: 131.0.6778.87 (ce31cae94873..., userDataDir: C:\Users\Home\AppData\Local...}, fedcm:accounts: true, goog:chromeOptions: {debuggerAddress: localhost:61924}, networkConnectionEnabled: false, pageLoadStrategy: normal, platformName: windows, proxy: Proxy(), se:cdp: ws://localhost:61924/devtoo..., se:cdpVersion: 131.0.6778.86, setWindowRect: true, strictFileInteractability: false, timeouts: {implicit: 0, pageLoad: 300000, script: 30000}, unhandledPromptBehavior: dismiss and notify, webauthn:extension:credBlob: true, webauthn:extension:largeBlob: true, webauthn:extension:minPinLength: true, webauthn:extension:prf: true, webauthn:virtualAuthenticators: true}<br/>
Session ID: c1f6dd78e050d1b7943425efac316aa8</b></a><br />
    <div class="stackTrace" id="exception-4">
              java.base/jdk.internal.reflect.DirectConstructorHandleAccessor.newInstance(DirectConstructorHandleAccessor.java:62)<br />
              java.base/java.lang.reflect.Constructor.newInstanceWithCaller(Constructor.java:501)<br />
              java.base/java.lang.reflect.Constructor.newInstance(Constructor.java:485)<br />
              org.openqa.selenium.remote.ErrorCodec.decode(ErrorCodec.java:167)<br />
              org.openqa.selenium.remote.codec.w3c.W3CHttpResponseCodec.decode(W3CHttpResponseCodec.java:138)<br />
              org.openqa.selenium.remote.codec.w3c.W3CHttpResponseCodec.decode(W3CHttpResponseCodec.java:50)<br />
              org.openqa.selenium.remote.HttpCommandExecutor.execute(HttpCommandExecutor.java:190)<br />
              org.openqa.selenium.remote.service.DriverCommandExecutor.invokeExecute(DriverCommandExecutor.java:216)<br />
              org.openqa.selenium.remote.service.DriverCommandExecutor.execute(DriverCommandExecutor.java:174)<br />
              org.openqa.selenium.remote.RemoteWebDriver.execute(RemoteWebDriver.java:545)<br />
              org.openqa.selenium.remote.ElementLocation$ElementFinder$2.findElement(ElementLocation.java:165)<br />
              org.openqa.selenium.remote.ElementLocation.findElement(ElementLocation.java:59)<br />
              org.openqa.selenium.remote.RemoteWebDriver.findElement(RemoteWebDriver.java:368)<br />
              org.openqa.selenium.remote.RemoteWebDriver.findElement(RemoteWebDriver.java:362)<br />
              org.openqa.selenium.support.pagefactory.DefaultElementLocator.findElement(DefaultElementLocator.java:68)<br />
              org.openqa.selenium.support.pagefactory.internal.LocatingElementHandler.invoke(LocatingElementHandler.java:38)<br />
              jdk.proxy2/jdk.proxy2.$Proxy18.getText(Unknown Source)<br />
              com.orangehrmlive.demo.utility.Utility.getTextFromElement(Utility.java:64)<br />
              com.orangehrmlive.demo.pages.AdminPage.getUsernameFromSearchResult(AdminPage.java:130)<br />
              com.orangehrmlive.demo.testsuite.UsersTest.verifyThatAdminShouldDeleteTheUserSuccessFully(UsersTest.java:90)<br />
              java.base/jdk.internal.reflect.DirectMethodHandleAccessor.invoke(DirectMethodHandleAccessor.java:103)<br />
              java.base/java.lang.reflect.Method.invoke(Method.java:580)<br />
              org.testng.internal.invokers.MethodInvocationHelper.invokeMethod(MethodInvocationHelper.java:141)<br />
              org.testng.internal.invokers.TestInvoker.invokeMethod(TestInvoker.java:686)<br />
              org.testng.internal.invokers.TestInvoker.invokeTestMethod(TestInvoker.java:230)<br />
              org.testng.internal.invokers.MethodRunner.runInSequence(MethodRunner.java:63)<br />
              org.testng.internal.invokers.TestInvoker$MethodInvocationAgent.invoke(TestInvoker.java:992)<br />
              org.testng.internal.invokers.TestInvoker.invokeTestMethods(TestInvoker.java:203)<br />
              org.testng.internal.invokers.TestMethodWorker.invokeTestMethods(TestMethodWorker.java:154)<br />
              org.testng.internal.invokers.TestMethodWorker.run(TestMethodWorker.java:134)<br />
              java.base/java.util.ArrayList.forEach(ArrayList.java:1597)<br />
              org.testng.TestRunner.privateRun(TestRunner.java:739)<br />
              org.testng.TestRunner.run(TestRunner.java:614)<br />
              org.testng.SuiteRunner.runTest(SuiteRunner.java:421)<br />
              org.testng.SuiteRunner.runSequentially(SuiteRunner.java:413)<br />
              org.testng.SuiteRunner.privateRun(SuiteRunner.java:373)<br />
              org.testng.SuiteRunner.run(SuiteRunner.java:312)<br />
              org.testng.SuiteRunnerWorker.runSuite(SuiteRunnerWorker.java:52)<br />
              org.testng.SuiteRunnerWorker.run(SuiteRunnerWorker.java:95)<br />
              org.testng.TestNG.runSuitesSequentially(TestNG.java:1274)<br />
              org.testng.TestNG.runSuitesLocally(TestNG.java:1208)<br />
              org.testng.TestNG.runSuites(TestNG.java:1112)<br />
              org.testng.TestNG.run(TestNG.java:1079)<br />
              com.intellij.rt.testng.IDEARemoteTestNG.run(IDEARemoteTestNG.java:65)<br />
              com.intellij.rt.testng.RemoteTestNGStarter.main(RemoteTestNGStarter.java:105)<br />
                </div>
      </td>
</tr>
      </table>


  <table class="resultsTable">
    <tr><th colspan="3" class="header passed">Passed Tests</th></tr>
          <tr>
        <td colspan="3" class="group">com.orangehrmlive.demo.testsuite.LoginTest</td>
      </tr>
            
<tr>
  <td class="method">
                  verifyErrorMessageWithInvalidCredentials
      </td>
  <td class="duration">
    0.433s
  </td>
  <td class="result">
        
          <i>Method arguments: </i><span class="arguments">"test123@gmail.com", "", "Required"</span><br />
    
            <div class="testOutput">
                        enter user name :test123@gmail.com
                                enter password
                                click on [[ChromeDriver: chrome on windows (3ffa1a7ebb7cc3f01ecd0f535e122f9a)] -> xpath: //button[@type='submit']]
                                get error message [[ChromeDriver: chrome on windows (3ffa1a7ebb7cc3f01ecd0f535e122f9a)] -> xpath: //span[@class='oxd-text oxd-text--span oxd-input-field-error-message oxd-input-group__message']]
                  </div>
    

      </td>
</tr>
<tr>
  <td class="method">
                  verifyErrorMessageWithInvalidCredentials
      </td>
  <td class="duration">
    0.422s
  </td>
  <td class="result">
        
          <i>Method arguments: </i><span class="arguments">"", "test123", "Required"</span><br />
    
            <div class="testOutput">
                        enter user name :
                                enter passwordtest123
                                click on [[ChromeDriver: chrome on windows (3d651984d2a2cec410cb2338d07b88d5)] -> xpath: //button[@type='submit']]
                                get error message [[ChromeDriver: chrome on windows (3d651984d2a2cec410cb2338d07b88d5)] -> xpath: //div[@class='orangehrm-login-slot-wrapper']//div[1]//div[1]//span[1]]
                  </div>
    

      </td>
</tr>
<tr>
  <td class="method">
                  verifyErrorMessageWithInvalidCredentials
      </td>
  <td class="duration">
    0.552s
  </td>
  <td class="result">
        
          <i>Method arguments: </i><span class="arguments">"", "", "Required"</span><br />
    
            <div class="testOutput">
                        enter user name :
                                enter password
                                click on [[ChromeDriver: chrome on windows (a4253ac7c0e344ea1ad7ab49b52458d2)] -> xpath: //button[@type='submit']]
                                get error message [[ChromeDriver: chrome on windows (a4253ac7c0e344ea1ad7ab49b52458d2)] -> xpath: //div[@class='orangehrm-login-slot-wrapper']//div[1]//div[1]//span[1]]
                  </div>
    

      </td>
</tr>
<tr>
  <td class="method">
                  verifyErrorMessageWithInvalidCredentials
      </td>
  <td class="duration">
    1.567s
  </td>
  <td class="result">
        
          <i>Method arguments: </i><span class="arguments">"test123@gmail.com", "test123", "Invalid credentials"</span><br />
    
            <div class="testOutput">
                        enter user name :test123@gmail.com
                                enter passwordtest123
                                click on [[ChromeDriver: chrome on windows (00e09ddf75b38c39c4fef543c9de1d24)] -> xpath: //button[@type='submit']]
                                get error message [[ChromeDriver: chrome on windows (00e09ddf75b38c39c4fef543c9de1d24)] -> xpath: //p[@class='oxd-text oxd-text--p oxd-alert-content-text']]
                  </div>
    

      </td>
</tr>
<tr>
  <td class="method">
                  verifyUserShouldLogOutSuccessFully
      </td>
  <td class="duration">
    2.648s
  </td>
  <td class="result">
        
    
            <div class="testOutput">
                        enter user name :Admin
                                enter passwordadmin123
                                click on [[ChromeDriver: chrome on windows (314a339122fa83b599073828dbce7a15)] -> xpath: //button[@type='submit']]
                                Click on user profile image [[ChromeDriver: chrome on windows (314a339122fa83b599073828dbce7a15)] -> xpath: //img[@class='oxd-userdropdown-img']]
                                Click on logout link [[ChromeDriver: chrome on windows (314a339122fa83b599073828dbce7a15)] -> link text: Logout]
                  </div>
    

      </td>
</tr>
      </table>
  
</body>
</html>
